
================================================================
======== txAdmin Starting - 11/21/2021, 12:58:53 AM             
================================================================

================================================================
======== Log Rotated - 11/21/2021, 12:58:53 AM                  
================================================================
[00:59:40] [FixpolBR] logged in from 127.0.0.1 via password
[01:10:53] [FixpolBR] RESTART SERVER
[01:12:27] [FixpolBR] ensure "test"
[01:12:42] [FixpolBR] RESTART SERVER
[01:13:44] [FixpolBR] ensure "test"
[01:13:53] [FixpolBR] RESTART SERVER
[01:16:50] [FixpolBR] RESTART SERVER
[01:19:50] [FixpolBR] RESTART SERVER
[01:28:19] [FixpolBR] RESTART SERVER
[01:30:59] [FixpolBR] RESTART SERVER
[01:32:39] [FixpolBR] RESTART SERVER
[01:35:25] [FixpolBR] RESTART SERVER
[01:37:17] [FixpolBR] RESTART SERVER
[01:38:43] [FixpolBR] RESTART SERVER
[01:43:38] [FixpolBR] RESTART SERVER
[01:48:02] [FixpolBR] RESTART SERVER
[01:53:23] [FixpolBR] RESTART SERVER
[01:55:44] [FixpolBR] RESTART SERVER
[02:05:18] [FixpolBR] RESTART SERVER
[02:10:35] [FixpolBR] RESTART SERVER

================================================================
======== txAdmin Starting - 11/21/2021, 9:42:26 PM              
================================================================
[21:58:07] [FixpolBR] logged in from 127.0.0.1 via password
[21:58:11] [FixpolBR] RESTART SERVER
[21:59:30] [FixpolBR] RESTART SERVER
[22:03:20] [FixpolBR] RESTART SERVER
[22:10:57] [FixpolBR] RESTART SERVER
[22:13:41] [FixpolBR] RESTART SERVER
[22:26:47] [FixpolBR] RESTART SERVER
[22:28:16] [FixpolBR] ensure "test"
[22:31:26] [FixpolBR] ensure "test"
[22:32:32] [FixpolBR] ensure "test"
[22:33:05] [FixpolBR] ensure "test"
[22:34:02] [FixpolBR] ensure "test"
[22:34:22] [FixpolBR] ensure "test"
[22:57:42] [FixpolBR] ensure "test"
[23:03:45] [FixpolBR] ensure "test"
[23:03:54] [FixpolBR] RESTART SERVER
[23:06:34] [FixpolBR] ensure "test"
[23:06:50] [FixpolBR] ensure "test"
[23:06:58] [FixpolBR] RESTART SERVER
[23:10:22] [FixpolBR] RESTART SERVER
