
================================================================
======== txAdmin Starting - 11/18/2021, 11:42:01 PM             
================================================================
[23:43:39] [FixpolBR] created admins file
[23:44:29] [FixpolBR] Changing global/fxserver settings via setup stepper.

================================================================
======== txAdmin Starting - 11/18/2021, 11:58:14 PM             
================================================================
[00:04:12] [FixpolBR] logged in from 127.0.0.1 via password
[00:04:16] [FixpolBR] RESTART SERVER
[00:06:22] [FixpolBR] logged in from 127.0.0.1 via password
[00:12:22] [FixpolBR] RESTART SERVER

================================================================
======== txAdmin Starting - 11/19/2021, 12:20:21 AM             
================================================================
[00:21:47] [FixpolBR] logged in from 127.0.0.1 via password
[00:22:40] [FixpolBR] Editing server CFG File.
[00:22:45] [FixpolBR] RESTART SERVER
[00:27:57] [FixpolBR] RESTART SERVER
[00:34:49] [FixpolBR] RESTART SERVER

================================================================
======== txAdmin Starting - 11/19/2021, 12:39:01 AM             
================================================================

================================================================
======== txAdmin Starting - 11/19/2021, 12:39:49 AM             
================================================================
