
================================================================
======== txAdmin Starting - 11/20/2021, 7:09:27 PM              
================================================================

================================================================
======== Log Rotated - 11/20/2021, 7:09:27 PM                   
================================================================
[7:09:56 PM] txAdmin: Logger started
[7:10:56 PM] [h9afW#1] Daniel: joined with identifiers [license:e4b7a90734dab6a747d09b805f7568032523402b; fivem:1110094; license2:e4b7a90734dab6a747d09b805f7568032523402b]
[7:11:53 PM] [h9afW#1] Daniel: said "/car comt"
[7:11:56 PM] [h9afW#1] Daniel: said "/car comet2"
[7:12:11 PM] [h9afW#1] Daniel: disconnected

================================================================
======== txAdmin Starting - 11/20/2021, 8:40:24 PM              
================================================================
[8:40:35 PM] txAdmin: Logger started
[8:41:33 PM] [CAywC#1] Daniel: joined with identifiers [license:e4b7a90734dab6a747d09b805f7568032523402b; fivem:1110094; license2:e4b7a90734dab6a747d09b805f7568032523402b]
[8:56:07 PM] [CAywC#1] Daniel: said "disconnect"
[8:56:11 PM] [CAywC#1] Daniel: disconnected
[9:06:24 PM] [CAywC#2] Daniel: joined with identifiers [license:e4b7a90734dab6a747d09b805f7568032523402b; fivem:1110094; license2:e4b7a90734dab6a747d09b805f7568032523402b]
[9:06:57 PM] UNKNOWN: ((DM) FixpolBR): said "Teste"
[9:09:13 PM] [CAywC#2] Daniel: said "/teste"
[9:09:18 PM] [CAywC#2] Daniel: said "/log"
[9:11:38 PM] [CAywC#2] Daniel: said "/log"
[9:11:47 PM] [CAywC#2] Daniel: said "/log"
[9:12:05 PM] [CAywC#2] Daniel: disconnected
[9:12:13 PM] txAdmin: Logger started
[9:12:36 PM] [hLfyr#1] Daniel: joined with identifiers [license:e4b7a90734dab6a747d09b805f7568032523402b; fivem:1110094; license2:e4b7a90734dab6a747d09b805f7568032523402b]
[9:22:03 PM] txAdmin: Logger started
[9:22:24 PM] [ypkLR#1] Daniel: joined with identifiers [license:e4b7a90734dab6a747d09b805f7568032523402b; fivem:1110094; license2:e4b7a90734dab6a747d09b805f7568032523402b]
[9:26:28 PM] [ypkLR#1] Daniel: disconnected
[9:26:54 PM] [ypkLR#2] Daniel: joined with identifiers [license:e4b7a90734dab6a747d09b805f7568032523402b; fivem:1110094; license2:e4b7a90734dab6a747d09b805f7568032523402b]
[9:35:53 PM] [ypkLR#2] Daniel: disconnected
[9:36:01 PM] txAdmin: Logger started
[9:36:24 PM] [XBCKb#1] Daniel: joined with identifiers [license:e4b7a90734dab6a747d09b805f7568032523402b; fivem:1110094; license2:e4b7a90734dab6a747d09b805f7568032523402b]
[9:38:05 PM] [XBCKb#1] Daniel: said "/log"
[9:38:21 PM] txAdmin: Logger started
[9:38:42 PM] [Lhqrf#1] Daniel: joined with identifiers [license:e4b7a90734dab6a747d09b805f7568032523402b; fivem:1110094; license2:e4b7a90734dab6a747d09b805f7568032523402b]
[9:39:44 PM] [Lhqrf#1] Daniel: said "/test"
[9:39:50 PM] [Lhqrf#1] Daniel: said "/log"
[9:39:51 PM] [Lhqrf#1] Daniel: said "/test"
[9:40:26 PM] txAdmin: Logger started
[9:40:49 PM] [6V9r7#1] Daniel: joined with identifiers [license:e4b7a90734dab6a747d09b805f7568032523402b; fivem:1110094; license2:e4b7a90734dab6a747d09b805f7568032523402b]
[9:41:28 PM] [6V9r7#1] Daniel: said "/test"
[9:41:30 PM] [6V9r7#1] Daniel: said "/boom"
[9:49:25 PM] [6V9r7#1] Daniel: disconnected
[9:49:33 PM] txAdmin: Logger started
[9:49:51 PM] txAdmin: Logger started
