
================================================================
======== txAdmin Starting - 12/1/2021, 10:33:02 PM              
================================================================

================================================================
======== Log Rotated - 12/1/2021, 10:33:03 PM                   
================================================================
[10:33:12 PM] txAdmin: Logger started

================================================================
======== txAdmin Starting - 12/1/2021, 10:38:16 PM              
================================================================
[10:38:26 PM] txAdmin: Logger started
[10:41:50 PM] [CfbTT#1] Daniel: joined with identifiers [license:e4b7a90734dab6a747d09b805f7568032523402b; discord:297547009991114762; fivem:1110094; license2:e4b7a90734dab6a747d09b805f7568032523402b]
[10:43:01 PM] [CfbTT#2] zFryze: joined with identifiers [license:a6cc69b8eabe964de24501081c13a24fd7e2aa32; discord:303990426954760192; fivem:3028958; license2:a6cc69b8eabe964de24501081c13a24fd7e2aa32]
[10:46:07 PM] [CfbTT#2] zFryze: disconnected

================================================================
======== txAdmin Starting - 12/1/2021, 10:46:32 PM              
================================================================
[10:46:43 PM] txAdmin: Logger started

================================================================
======== txAdmin Starting - 12/1/2021, 10:49:37 PM              
================================================================
[10:49:47 PM] txAdmin: Logger started
[11:03:04 PM] txAdmin: Logger started
[11:03:58 PM] txAdmin: Logger started
[11:04:22 PM] txAdmin: Logger started
[11:05:33 PM] txAdmin: Logger started
[11:06:08 PM] txAdmin: Logger started
[11:06:35 PM] txAdmin: Logger started
[11:08:08 PM] txAdmin: Logger started
[11:08:17 PM] [Fkpa3#1] Daniel: joined with identifiers [license:e4b7a90734dab6a747d09b805f7568032523402b; discord:297547009991114762; fivem:1110094; license2:e4b7a90734dab6a747d09b805f7568032523402b]
[11:10:03 PM] [Fkpa3#1] Daniel: disconnected
[11:14:46 PM] txAdmin: Logger started
[11:15:08 PM] [U8xbC#1] Daniel: joined with identifiers [license:e4b7a90734dab6a747d09b805f7568032523402b; discord:297547009991114762; fivem:1110094; license2:e4b7a90734dab6a747d09b805f7568032523402b]
[11:19:26 PM] txAdmin: Logger started
[11:21:05 PM] txAdmin: Logger started

================================================================
======== txAdmin Starting - 12/1/2021, 11:22:41 PM              
================================================================
[11:22:51 PM] txAdmin: Logger started
[11:23:23 PM] [KFEYq#1] Daniel: joined with identifiers [license:e4b7a90734dab6a747d09b805f7568032523402b; discord:297547009991114762; fivem:1110094; license2:e4b7a90734dab6a747d09b805f7568032523402b]
[11:27:05 PM] [KFEYq#1] Daniel: disconnected
[11:27:21 PM] txAdmin: Logger started
[11:27:35 PM] [txD3M#1] Daniel: joined with identifiers [license:e4b7a90734dab6a747d09b805f7568032523402b; discord:297547009991114762; fivem:1110094; license2:e4b7a90734dab6a747d09b805f7568032523402b]
[11:29:14 PM] [txD3M#1] Daniel: said "/debug"
[11:29:24 PM] [txD3M#1] Daniel: disconnected

================================================================
======== txAdmin Starting - 12/1/2021, 11:31:05 PM              
================================================================
[11:31:14 PM] txAdmin: Logger started
[11:31:24 PM] [NRqQm#1] Daniel: joined with identifiers [license:e4b7a90734dab6a747d09b805f7568032523402b; discord:297547009991114762; fivem:1110094; license2:e4b7a90734dab6a747d09b805f7568032523402b]
[11:32:14 PM] [NRqQm#1] Daniel: disconnected
[11:32:43 PM] [NRqQm#2] Daniel: joined with identifiers [license:e4b7a90734dab6a747d09b805f7568032523402b; discord:297547009991114762; fivem:1110094; license2:e4b7a90734dab6a747d09b805f7568032523402b]
[11:36:25 PM] [NRqQm#2] Daniel: disconnected
[11:36:46 PM] [NRqQm#3] zFryze: joined with identifiers [license:a6cc69b8eabe964de24501081c13a24fd7e2aa32; discord:303990426954760192; fivem:3028958; license2:a6cc69b8eabe964de24501081c13a24fd7e2aa32]
[11:38:58 PM] [NRqQm#3] zFryze: disconnected
[11:41:22 PM] [NRqQm#4] zFryze: joined with identifiers [license:a6cc69b8eabe964de24501081c13a24fd7e2aa32; discord:303990426954760192; fivem:3028958; license2:a6cc69b8eabe964de24501081c13a24fd7e2aa32]
[11:42:39 PM] [NRqQm#4] zFryze: disconnected
