
================================================================
======== txAdmin Starting - 11/21/2021, 12:58:53 AM             
================================================================

================================================================
======== Log Rotated - 11/21/2021, 12:58:53 AM                  
================================================================
[12:59:07 AM] txAdmin: Logger started
[12:59:24 AM] [6bEyM#1] Daniel: joined with identifiers [license:e4b7a90734dab6a747d09b805f7568032523402b; discord:297547009991114762; fivem:1110094; license2:e4b7a90734dab6a747d09b805f7568032523402b]
[1:00:18 AM] [6bEyM#1] Daniel: said "/d"
[1:00:19 AM] [6bEyM#1] Daniel: said "/a"
[1:00:19 AM] [6bEyM#2] zFryze: joined with identifiers [license:a6cc69b8eabe964de24501081c13a24fd7e2aa32; discord:303990426954760192; fivem:3028958; license2:a6cc69b8eabe964de24501081c13a24fd7e2aa32]
[1:01:12 AM] [6bEyM#2] zFryze: disconnected
[1:10:53 AM] [6bEyM#1] Daniel: disconnected
[1:11:03 AM] txAdmin: Logger started
[1:11:22 AM] [Uny9g#1] Daniel: joined with identifiers [license:e4b7a90734dab6a747d09b805f7568032523402b; discord:297547009991114762; fivem:1110094; license2:e4b7a90734dab6a747d09b805f7568032523402b]
[1:12:31 AM] [Uny9g#1] Daniel: said "/teste"
[1:12:35 AM] [Uny9g#1] Daniel: said "/teste"
[1:12:50 AM] txAdmin: Logger started
[1:13:12 AM] [DciGN#1] Daniel: joined with identifiers [license:e4b7a90734dab6a747d09b805f7568032523402b; discord:297547009991114762; fivem:1110094; license2:e4b7a90734dab6a747d09b805f7568032523402b]
[1:13:31 AM] [DciGN#1] Daniel: said "/teste"
[1:13:49 AM] [DciGN#1] Daniel: said "/teste"
[1:13:50 AM] [DciGN#1] Daniel: said "/teste"
[1:13:54 AM] [DciGN#1] Daniel: disconnected
[1:14:01 AM] txAdmin: Logger started
[1:14:23 AM] [bPqT4#1] Daniel: joined with identifiers [license:e4b7a90734dab6a747d09b805f7568032523402b; discord:297547009991114762; fivem:1110094; license2:e4b7a90734dab6a747d09b805f7568032523402b]
[1:16:59 AM] txAdmin: Logger started
[1:17:47 AM] [RPH79#1] Daniel: joined with identifiers [license:e4b7a90734dab6a747d09b805f7568032523402b; discord:297547009991114762; fivem:1110094; license2:e4b7a90734dab6a747d09b805f7568032523402b]
[1:19:51 AM] [RPH79#1] Daniel: disconnected
[1:19:59 AM] txAdmin: Logger started
[1:28:26 AM] txAdmin: Logger started
[1:28:47 AM] [C4XzR#1] Daniel: joined with identifiers [license:e4b7a90734dab6a747d09b805f7568032523402b; discord:297547009991114762; fivem:1110094; license2:e4b7a90734dab6a747d09b805f7568032523402b]
[1:29:20 AM] [C4XzR#1] Daniel: said "/node -v"
[1:29:24 AM] [C4XzR#1] Daniel: said "//node 0v"
[1:30:59 AM] [C4XzR#1] Daniel: disconnected
[1:31:06 AM] txAdmin: Logger started
[1:31:30 AM] [RyjGB#1] Daniel: joined with identifiers [license:e4b7a90734dab6a747d09b805f7568032523402b; discord:297547009991114762; fivem:1110094; license2:e4b7a90734dab6a747d09b805f7568032523402b]
[1:32:39 AM] [RyjGB#1] Daniel: disconnected
[1:32:47 AM] txAdmin: Logger started
[1:33:10 AM] [GacRy#1] Daniel: joined with identifiers [license:e4b7a90734dab6a747d09b805f7568032523402b; discord:297547009991114762; fivem:1110094; license2:e4b7a90734dab6a747d09b805f7568032523402b]
[1:35:34 AM] txAdmin: Logger started
[1:36:07 AM] [PpbTb#1] Daniel: joined with identifiers [license:e4b7a90734dab6a747d09b805f7568032523402b; discord:297547009991114762; fivem:1110094; license2:e4b7a90734dab6a747d09b805f7568032523402b]
[1:36:57 AM] [PpbTb#1] Daniel: said "/teste"
[1:37:26 AM] txAdmin: Logger started
[1:37:52 AM] [EmbzY#1] Daniel: joined with identifiers [license:e4b7a90734dab6a747d09b805f7568032523402b; discord:297547009991114762; fivem:1110094; license2:e4b7a90734dab6a747d09b805f7568032523402b]
[1:38:43 AM] [EmbzY#1] Daniel: disconnected
[1:38:52 AM] txAdmin: Logger started
[1:43:46 AM] txAdmin: Logger started
[1:43:54 AM] [qpMEJ#1] Daniel: joined with identifiers [license:e4b7a90734dab6a747d09b805f7568032523402b; discord:297547009991114762; fivem:1110094; license2:e4b7a90734dab6a747d09b805f7568032523402b]
[1:48:03 AM] [qpMEJ#1] Daniel: disconnected
[1:48:12 AM] txAdmin: Logger started
[1:48:40 AM] [rEmYN#1] Daniel: joined with identifiers [license:e4b7a90734dab6a747d09b805f7568032523402b; discord:297547009991114762; fivem:1110094; license2:e4b7a90734dab6a747d09b805f7568032523402b]
[1:53:32 AM] txAdmin: Logger started
[1:53:55 AM] [FahkU#1] Daniel: joined with identifiers [license:e4b7a90734dab6a747d09b805f7568032523402b; discord:297547009991114762; fivem:1110094; license2:e4b7a90734dab6a747d09b805f7568032523402b]
[1:55:53 AM] txAdmin: Logger started
[1:56:17 AM] [c8qUD#1] Daniel: joined with identifiers [license:e4b7a90734dab6a747d09b805f7568032523402b; discord:297547009991114762; fivem:1110094; license2:e4b7a90734dab6a747d09b805f7568032523402b]
[2:05:26 AM] txAdmin: Logger started
[2:05:50 AM] [AhJMq#1] Daniel: joined with identifiers [license:e4b7a90734dab6a747d09b805f7568032523402b; discord:297547009991114762; fivem:1110094; license2:e4b7a90734dab6a747d09b805f7568032523402b]
[2:10:44 AM] txAdmin: Logger started
[2:11:29 AM] [bCYBJ#1] Daniel: joined with identifiers [license:e4b7a90734dab6a747d09b805f7568032523402b; discord:297547009991114762; fivem:1110094; license2:e4b7a90734dab6a747d09b805f7568032523402b]
[2:14:05 AM] [bCYBJ#1] Daniel: disconnected

================================================================
======== txAdmin Starting - 11/21/2021, 9:42:26 PM              
================================================================
[9:42:42 PM] txAdmin: Logger started
[9:42:52 PM] [exExA#1] Daniel: joined with identifiers [license:e4b7a90734dab6a747d09b805f7568032523402b; discord:297547009991114762; fivem:1110094; license2:e4b7a90734dab6a747d09b805f7568032523402b]
[9:58:19 PM] txAdmin: Logger started
[9:58:37 PM] [y9Vy9#1] Daniel: joined with identifiers [license:e4b7a90734dab6a747d09b805f7568032523402b; discord:297547009991114762; fivem:1110094; license2:e4b7a90734dab6a747d09b805f7568032523402b]
[9:59:39 PM] txAdmin: Logger started
[9:59:57 PM] [iVzw8#1] Daniel: joined with identifiers [license:e4b7a90734dab6a747d09b805f7568032523402b; discord:297547009991114762; fivem:1110094; license2:e4b7a90734dab6a747d09b805f7568032523402b]
[10:03:20 PM] [iVzw8#1] Daniel: disconnected
[10:03:28 PM] txAdmin: Logger started
[10:04:10 PM] [KaDHn#1] Daniel: joined with identifiers [license:e4b7a90734dab6a747d09b805f7568032523402b; discord:297547009991114762; fivem:1110094; license2:e4b7a90734dab6a747d09b805f7568032523402b]
[10:11:06 PM] txAdmin: Logger started
[10:11:29 PM] [QCH8V#1] Daniel: joined with identifiers [license:e4b7a90734dab6a747d09b805f7568032523402b; discord:297547009991114762; fivem:1110094; license2:e4b7a90734dab6a747d09b805f7568032523402b]
[10:11:53 PM] [QCH8V#1] Daniel: said "/test"
[10:13:49 PM] txAdmin: Logger started
[10:14:17 PM] [4KfA9#1] Daniel: joined with identifiers [license:e4b7a90734dab6a747d09b805f7568032523402b; discord:297547009991114762; fivem:1110094; license2:e4b7a90734dab6a747d09b805f7568032523402b]
[10:17:34 PM] [4KfA9#1] Daniel: disconnected
[10:26:55 PM] txAdmin: Logger started
[10:27:13 PM] [qHt7C#1] Daniel: joined with identifiers [license:e4b7a90734dab6a747d09b805f7568032523402b; discord:297547009991114762; fivem:1110094; license2:e4b7a90734dab6a747d09b805f7568032523402b]
[11:04:02 PM] txAdmin: Logger started
[11:04:27 PM] [9MNHV#1] Daniel: joined with identifiers [license:e4b7a90734dab6a747d09b805f7568032523402b; discord:297547009991114762; fivem:1110094; license2:e4b7a90734dab6a747d09b805f7568032523402b]
[11:06:59 PM] [9MNHV#1] Daniel: disconnected
[11:07:07 PM] txAdmin: Logger started
[11:08:05 PM] [VetTe#1] Daniel: joined with identifiers [license:e4b7a90734dab6a747d09b805f7568032523402b; discord:297547009991114762; fivem:1110094; license2:e4b7a90734dab6a747d09b805f7568032523402b]
[11:10:22 PM] [VetTe#1] Daniel: disconnected
[11:10:31 PM] txAdmin: Logger started
[11:10:54 PM] [jPwzN#1] Daniel: joined with identifiers [license:e4b7a90734dab6a747d09b805f7568032523402b; discord:297547009991114762; fivem:1110094; license2:e4b7a90734dab6a747d09b805f7568032523402b]
[11:19:41 PM] [jPwzN#1] Daniel: caused an explosion (GRENADE)
[11:19:41 PM] [jPwzN#1] Daniel: caused an explosion (GRENADE)
[11:19:41 PM] [jPwzN#1] Daniel: caused an explosion (CAR)
[11:19:41 PM] [jPwzN#1] Daniel: caused an explosion (GRENADE)
[11:20:10 PM] [jPwzN#1] Daniel: caused an explosion (GRENADE)
[11:20:19 PM] [jPwzN#1] Daniel: caused an explosion (GRENADE)
[11:20:19 PM] [jPwzN#1] Daniel: caused an explosion (GRENADE)
[11:20:19 PM] [jPwzN#1] Daniel: caused an explosion (GRENADE)
[11:20:19 PM] [jPwzN#1] Daniel: caused an explosion (GRENADE)
[11:20:19 PM] [jPwzN#1] Daniel: caused an explosion (GRENADE)
[11:20:19 PM] [jPwzN#1] Daniel: caused an explosion (GRENADE)
[11:20:19 PM] [jPwzN#1] Daniel: caused an explosion (GRENADE)
[11:20:19 PM] [jPwzN#1] Daniel: caused an explosion (GRENADE)
[11:20:19 PM] [jPwzN#1] Daniel: caused an explosion (GRENADE)
[11:20:19 PM] [jPwzN#1] Daniel: caused an explosion (GRENADE)
[11:20:20 PM] [jPwzN#1] Daniel: caused an explosion (CAR)
[11:20:20 PM] [jPwzN#1] Daniel: caused an explosion (GRENADE)
[11:20:20 PM] [jPwzN#1] Daniel: caused an explosion (TRUCK)
[11:20:20 PM] [jPwzN#1] Daniel: caused an explosion (GRENADE)
[11:20:20 PM] [jPwzN#1] Daniel: caused an explosion (GRENADE)
[11:20:20 PM] [jPwzN#1] Daniel: caused an explosion (CAR)
[11:20:38 PM] [jPwzN#1] Daniel: caused an explosion (GRENADE)
[11:20:38 PM] [jPwzN#1] Daniel: caused an explosion (GRENADE)
[11:20:38 PM] [jPwzN#1] Daniel: caused an explosion (GRENADE)
[11:20:38 PM] [jPwzN#1] Daniel: caused an explosion (GRENADE)
[11:20:38 PM] [jPwzN#1] Daniel: caused an explosion (GRENADE)
[11:20:38 PM] [jPwzN#1] Daniel: caused an explosion (GRENADE)
[11:20:38 PM] [jPwzN#1] Daniel: caused an explosion (GRENADE)
[11:20:39 PM] [jPwzN#1] Daniel: caused an explosion (GRENADE)
[11:20:40 PM] [jPwzN#1] Daniel: caused an explosion (CAR)
[11:23:32 PM] [jPwzN#1] Daniel: died from suicide
[11:27:55 PM] [jPwzN#1] Daniel: died from suicide
[11:28:09 PM] [jPwzN#1] Daniel: disconnected
