
================================================================
======== txAdmin Starting - 12/5/2021, 1:39:32 AM               
================================================================

================================================================
======== Log Rotated - 12/5/2021, 1:39:33 AM                    
================================================================

================================================================
======== txAdmin Starting - 12/5/2021, 1:40:05 AM               
================================================================
[1:40:16 AM] txAdmin: Logger started
[1:40:49 AM] [LHmaX#1] Daniel: joined with identifiers [license:e4b7a90734dab6a747d09b805f7568032523402b; discord:297547009991114762; fivem:1110094; license2:e4b7a90734dab6a747d09b805f7568032523402b]
[1:55:52 AM] [LHmaX#1] Daniel: disconnected
[1:56:06 AM] txAdmin: Logger started
[2:01:19 AM] [mUQtr#1] Daniel: joined with identifiers [license:e4b7a90734dab6a747d09b805f7568032523402b; discord:297547009991114762; fivem:1110094; license2:e4b7a90734dab6a747d09b805f7568032523402b]
[2:49:59 AM] txAdmin: Logger started
[2:50:24 AM] [dbtAH#1] Daniel: joined with identifiers [license:e4b7a90734dab6a747d09b805f7568032523402b; discord:297547009991114762; fivem:1110094; license2:e4b7a90734dab6a747d09b805f7568032523402b]
[2:58:25 AM] [dbtAH#2] zFryze: joined with identifiers [license:a6cc69b8eabe964de24501081c13a24fd7e2aa32; discord:303990426954760192; fivem:3028958; license2:a6cc69b8eabe964de24501081c13a24fd7e2aa32]
[3:03:43 AM] [dbtAH#2] zFryze: said "/tunning"
[3:09:14 AM] [dbtAH#2] zFryze: disconnected
[3:09:14 AM] [dbtAH#1] Daniel: disconnected
[3:09:22 AM] txAdmin: Logger started
[3:09:56 AM] [aAQqK#1] zFryze: joined with identifiers [license:a6cc69b8eabe964de24501081c13a24fd7e2aa32; discord:303990426954760192; fivem:3028958; license2:a6cc69b8eabe964de24501081c13a24fd7e2aa32]
[3:10:02 AM] [aAQqK#2] Daniel: joined with identifiers [license:e4b7a90734dab6a747d09b805f7568032523402b; discord:297547009991114762; fivem:1110094; license2:e4b7a90734dab6a747d09b805f7568032523402b]
[3:30:43 AM] [aAQqK#2] Daniel: disconnected
[3:30:43 AM] [aAQqK#1] zFryze: disconnected
[3:30:51 AM] txAdmin: Logger started
[3:31:17 AM] [mMUqh#1] Daniel: joined with identifiers [license:e4b7a90734dab6a747d09b805f7568032523402b; discord:297547009991114762; fivem:1110094; license2:e4b7a90734dab6a747d09b805f7568032523402b]
[3:31:27 AM] [mMUqh#2] zFryze: joined with identifiers [license:a6cc69b8eabe964de24501081c13a24fd7e2aa32; discord:303990426954760192; fivem:3028958; license2:a6cc69b8eabe964de24501081c13a24fd7e2aa32]
[3:35:58 AM] [mMUqh#2] zFryze: disconnected
[3:38:58 AM] [mMUqh#1] Daniel: disconnected
